<?xml version="1.0" encoding="UTF-8"?>
<Site BuildName="Linux-g++"
	BuildStamp="20251104-0956-Experimental"
	Name="LAPTOP-7BUL786E"
	Generator="ctest-3.22.1"
	CompilerName="/usr/bin/g++"
	CompilerVersion="11.4.0"
	OSName="Linux"
	Hostname="LAPTOP-7BUL786E"
	OSRelease="6.6.87.2-microsoft-standard-WSL2"
	OSVersion="#1 SMP PREEMPT_DYNAMIC Thu Jun  5 18:30:46 UTC 2025"
	OSPlatform="x86_64"
	Is64Bits="1"
	VendorString="GenuineIntel"
	VendorID="Intel Corporation"
	FamilyID="6"
	ModelID="158"
	ProcessorCacheSize="6144"
	NumberOfLogicalCPU="8"
	NumberOfPhysicalCPU="4"
	TotalVirtualMemory="2048"
	TotalPhysicalMemory="7884"
	LogicalProcessorsPerPhysical="2"
	ProcessorClockFrequency="2808"
	>
	<Testing>
		<StartDateTime>Nov 04 19:14 CET</StartDateTime>
		<StartTestTime>1762280092</StartTestTime>
		<TestList/>
		<EndDateTime>Nov 04 19:14 CET</EndDateTime>
		<EndTestTime>1762280092</EndTestTime>
		<ElapsedMinutes>0</ElapsedMinutes>
	</Testing>
</Site>
